<?xml version="1.0" encoding="UTF-8"?>
<testsuite name="org.kakao.kakaoshopping.domain.repository.OrderRepositoryTest" tests="1" skipped="0" failures="0" errors="0" timestamp="2023-07-13T07:33:17" hostname="jang-wonjun-ui-MacBookAir.local" time="0.342">
  <properties/>
  <testcase name="주문 등록 테스트" classname="org.kakao.kakaoshopping.domain.repository.OrderRepositoryTest" time="0.342"/>
  <system-out><![CDATA[16:33:15.840 [Test worker] INFO org.springframework.test.context.support.AnnotationConfigContextLoaderUtils -- Could not detect default configuration classes for test class [org.kakao.kakaoshopping.domain.repository.OrderRepositoryTest]: OrderRepositoryTest does not declare any static, non-private, non-final, nested classes annotated with @Configuration.
16:33:15.890 [Test worker] INFO org.springframework.boot.test.context.SpringBootTestContextBootstrapper -- Found @SpringBootConfiguration org.kakao.kakaoshopping.KakaoShoppingApplication for test class org.kakao.kakaoshopping.domain.repository.OrderRepositoryTest

  .   ____          _            __ _ _
 /\\ / ___'_ __ _ _(_)_ __  __ _ \ \ \ \
( ( )\___ | '_ | '_| | '_ \/ _` | \ \ \ \
 \\/  ___)| |_)| | | | | || (_| |  ) ) ) )
  '  |____| .__|_| |_|_| |_\__, | / / / /
 =========|_|==============|___/=/_/_/_/
 :: Spring Boot ::                (v3.1.1)

2023-07-13T16:33:16.105+09:00  INFO 96020 --- [    Test worker] o.k.k.d.repository.OrderRepositoryTest   : Starting OrderRepositoryTest using Java 17.0.6 with PID 96020 (started by jang-wonjun in /Users/jang-wonjun/Documents/Java intellij/KakaoShopping)
2023-07-13T16:33:16.107+09:00  INFO 96020 --- [    Test worker] o.k.k.d.repository.OrderRepositoryTest   : The following 1 profile is active: "test"
2023-07-13T16:33:16.416+09:00  INFO 96020 --- [    Test worker] .s.d.r.c.RepositoryConfigurationDelegate : Bootstrapping Spring Data JPA repositories in DEFAULT mode.
2023-07-13T16:33:16.448+09:00  INFO 96020 --- [    Test worker] .s.d.r.c.RepositoryConfigurationDelegate : Finished Spring Data repository scanning in 28 ms. Found 2 JPA repository interfaces.
2023-07-13T16:33:16.639+09:00  INFO 96020 --- [    Test worker] o.hibernate.jpa.internal.util.LogHelper  : HHH000204: Processing PersistenceUnitInfo [name: default]
2023-07-13T16:33:16.662+09:00  INFO 96020 --- [    Test worker] org.hibernate.Version                    : HHH000412: Hibernate ORM core version 6.2.5.Final
2023-07-13T16:33:16.663+09:00  INFO 96020 --- [    Test worker] org.hibernate.cfg.Environment            : HHH000406: Using bytecode reflection optimizer
2023-07-13T16:33:16.716+09:00  INFO 96020 --- [    Test worker] o.h.b.i.BytecodeProviderInitiator        : HHH000021: Bytecode provider name : bytebuddy
2023-07-13T16:33:16.780+09:00  INFO 96020 --- [    Test worker] o.s.o.j.p.SpringPersistenceUnitInfo      : No LoadTimeWeaver setup: ignoring JPA class transformer
2023-07-13T16:33:16.787+09:00  INFO 96020 --- [    Test worker] com.zaxxer.hikari.HikariDataSource       : HikariPool-1 - Starting...
2023-07-13T16:33:16.852+09:00  INFO 96020 --- [    Test worker] com.zaxxer.hikari.pool.HikariPool        : HikariPool-1 - Added connection conn0: url=jdbc:h2:tcp://localhost/~/test user=SA
2023-07-13T16:33:16.853+09:00  INFO 96020 --- [    Test worker] com.zaxxer.hikari.HikariDataSource       : HikariPool-1 - Start completed.
2023-07-13T16:33:16.969+09:00  INFO 96020 --- [    Test worker] o.h.b.i.BytecodeProviderInitiator        : HHH000021: Bytecode provider name : bytebuddy
2023-07-13T16:33:17.280+09:00  INFO 96020 --- [    Test worker] o.h.e.t.j.p.i.JtaPlatformInitiator       : HHH000490: Using JtaPlatform implementation: [org.hibernate.engine.transaction.jta.platform.internal.NoJtaPlatform]
Hibernate: 
    drop table if exists order_item_tb cascade 
Hibernate: 
    drop table if exists order_tb cascade 
Hibernate: 
    create table order_item_tb (
        quantity integer,
        id bigint generated by default as identity,
        mod_date timestamp(6),
        order_id bigint,
        reg_date timestamp(6),
        item_id varchar(255),
        primary key (id)
    )
Hibernate: 
    create table order_tb (
        id bigint generated by default as identity,
        mod_date timestamp(6),
        reg_date timestamp(6),
        member_id varchar(255),
        primary key (id)
    )
Hibernate: 
    alter table if exists order_item_tb 
       add constraint FK9olaq53vi7eudwfvpvv3w7eey 
       foreign key (order_id) 
       references order_tb
2023-07-13T16:33:17.310+09:00  INFO 96020 --- [    Test worker] j.LocalContainerEntityManagerFactoryBean : Initialized JPA EntityManagerFactory for persistence unit 'default'
2023-07-13T16:33:17.407+09:00  WARN 96020 --- [    Test worker] JpaBaseConfiguration$JpaWebConfiguration : spring.jpa.open-in-view is enabled by default. Therefore, database queries may be performed during view rendering. Explicitly configure spring.jpa.open-in-view to disable this warning
2023-07-13T16:33:17.738+09:00  INFO 96020 --- [    Test worker] o.k.k.d.repository.OrderRepositoryTest   : Started OrderRepositoryTest in 1.779 seconds (process running for 2.27)
Hibernate: 
    insert 
    into
        order_tb
        (member_id,mod_date,reg_date,id) 
    values
        (?,?,?,default)
2023-07-13T16:33:18.082+09:00  INFO 96020 --- [    Test worker] j.LocalContainerEntityManagerFactoryBean : Closing JPA EntityManagerFactory for persistence unit 'default'
2023-07-13T16:33:18.083+09:00  INFO 96020 --- [    Test worker] com.zaxxer.hikari.HikariDataSource       : HikariPool-1 - Shutdown initiated...
2023-07-13T16:33:18.088+09:00  INFO 96020 --- [    Test worker] com.zaxxer.hikari.HikariDataSource       : HikariPool-1 - Shutdown completed.
]]></system-out>
  <system-err><![CDATA[]]></system-err>
</testsuite>
